[0.025s] Invoking command in '/home/thinh/my_workspace/moveit_course_ws/build/my_robot_description': CMAKE_PREFIX_PATH=${CMAKE_PREFIX_PATH}:/home/thinh/ros2_course/ros2_ws/install/my_py_pkg:/home/thinh/ros2_python/install/topic_calc:/home/thinh/ros2_python/install/symlink:/home/thinh/ros2_python/install/pid_controller:/home/thinh/ros2_python/install/pendulum_state:/home/thinh/ros2_python/install/minimal_pkg:/home/thinh/ros2_python/install/first_pytest:/home/thinh/ros2_python/install/diff_drive_description:/home/thinh/ros2_python/install/diff_drive_control:/opt/ros/humble /usr/bin/cmake /home/thinh/my_workspace/moveit_course_ws/src/my_robot_description -DCMAKE_INSTALL_PREFIX=/home/thinh/my_workspace/moveit_course_ws/install/my_robot_description
[0.398s] -- The C compiler identification is GNU 11.4.0
[0.521s] -- The CXX compiler identification is GNU 11.4.0
[0.533s] -- Detecting C compiler ABI info
[0.673s] -- Detecting C compiler ABI info - done
[0.682s] -- Check for working C compiler: /usr/bin/cc - skipped
[0.684s] -- Detecting C compile features
[0.684s] -- Detecting C compile features - done
[0.689s] -- Detecting CXX compiler ABI info
[0.775s] -- Detecting CXX compiler ABI info - done
[0.784s] -- Check for working CXX compiler: /usr/bin/c++ - skipped
[0.785s] -- Detecting CXX compile features
[0.785s] -- Detecting CXX compile features - done
[0.797s] -- Found ament_cmake: 1.3.12 (/opt/ros/humble/share/ament_cmake/cmake)
[1.034s] -- Found Python3: /usr/bin/python3 (found version "3.10.12") found components: Interpreter 
[1.223s] -- Found ament_lint_auto: 0.12.14 (/opt/ros/humble/share/ament_lint_auto/cmake)
[1.350s] -- Added test 'lint_cmake' to check CMake code style
[1.353s] -- Added test 'xmllint' to check XML markup files
[1.355s] -- Configuring done
[1.359s] -- Generating done
[1.361s] -- Build files have been written to: /home/thinh/my_workspace/moveit_course_ws/build/my_robot_description
[1.367s] Invoked command in '/home/thinh/my_workspace/moveit_course_ws/build/my_robot_description' returned '0': CMAKE_PREFIX_PATH=${CMAKE_PREFIX_PATH}:/home/thinh/ros2_course/ros2_ws/install/my_py_pkg:/home/thinh/ros2_python/install/topic_calc:/home/thinh/ros2_python/install/symlink:/home/thinh/ros2_python/install/pid_controller:/home/thinh/ros2_python/install/pendulum_state:/home/thinh/ros2_python/install/minimal_pkg:/home/thinh/ros2_python/install/first_pytest:/home/thinh/ros2_python/install/diff_drive_description:/home/thinh/ros2_python/install/diff_drive_control:/opt/ros/humble /usr/bin/cmake /home/thinh/my_workspace/moveit_course_ws/src/my_robot_description -DCMAKE_INSTALL_PREFIX=/home/thinh/my_workspace/moveit_course_ws/install/my_robot_description
[1.369s] Invoking command in '/home/thinh/my_workspace/moveit_course_ws/build/my_robot_description': CMAKE_PREFIX_PATH=${CMAKE_PREFIX_PATH}:/home/thinh/ros2_course/ros2_ws/install/my_py_pkg:/home/thinh/ros2_python/install/topic_calc:/home/thinh/ros2_python/install/symlink:/home/thinh/ros2_python/install/pid_controller:/home/thinh/ros2_python/install/pendulum_state:/home/thinh/ros2_python/install/minimal_pkg:/home/thinh/ros2_python/install/first_pytest:/home/thinh/ros2_python/install/diff_drive_description:/home/thinh/ros2_python/install/diff_drive_control:/opt/ros/humble /usr/bin/cmake --build /home/thinh/my_workspace/moveit_course_ws/build/my_robot_description -- -j8 -l8
[1.417s] Invoked command in '/home/thinh/my_workspace/moveit_course_ws/build/my_robot_description' returned '0': CMAKE_PREFIX_PATH=${CMAKE_PREFIX_PATH}:/home/thinh/ros2_course/ros2_ws/install/my_py_pkg:/home/thinh/ros2_python/install/topic_calc:/home/thinh/ros2_python/install/symlink:/home/thinh/ros2_python/install/pid_controller:/home/thinh/ros2_python/install/pendulum_state:/home/thinh/ros2_python/install/minimal_pkg:/home/thinh/ros2_python/install/first_pytest:/home/thinh/ros2_python/install/diff_drive_description:/home/thinh/ros2_python/install/diff_drive_control:/opt/ros/humble /usr/bin/cmake --build /home/thinh/my_workspace/moveit_course_ws/build/my_robot_description -- -j8 -l8
[1.431s] Invoking command in '/home/thinh/my_workspace/moveit_course_ws/build/my_robot_description': CMAKE_PREFIX_PATH=${CMAKE_PREFIX_PATH}:/home/thinh/ros2_course/ros2_ws/install/my_py_pkg:/home/thinh/ros2_python/install/topic_calc:/home/thinh/ros2_python/install/symlink:/home/thinh/ros2_python/install/pid_controller:/home/thinh/ros2_python/install/pendulum_state:/home/thinh/ros2_python/install/minimal_pkg:/home/thinh/ros2_python/install/first_pytest:/home/thinh/ros2_python/install/diff_drive_description:/home/thinh/ros2_python/install/diff_drive_control:/opt/ros/humble /usr/bin/cmake --install /home/thinh/my_workspace/moveit_course_ws/build/my_robot_description
[1.441s] -- Install configuration: ""
[1.441s] -- Installing: /home/thinh/my_workspace/moveit_course_ws/install/my_robot_description/share/ament_index/resource_index/package_run_dependencies/my_robot_description
[1.441s] -- Installing: /home/thinh/my_workspace/moveit_course_ws/install/my_robot_description/share/ament_index/resource_index/parent_prefix_path/my_robot_description
[1.441s] -- Installing: /home/thinh/my_workspace/moveit_course_ws/install/my_robot_description/share/my_robot_description/environment/ament_prefix_path.sh
[1.442s] -- Installing: /home/thinh/my_workspace/moveit_course_ws/install/my_robot_description/share/my_robot_description/environment/ament_prefix_path.dsv
[1.442s] -- Installing: /home/thinh/my_workspace/moveit_course_ws/install/my_robot_description/share/my_robot_description/environment/path.sh
[1.442s] -- Installing: /home/thinh/my_workspace/moveit_course_ws/install/my_robot_description/share/my_robot_description/environment/path.dsv
[1.442s] -- Installing: /home/thinh/my_workspace/moveit_course_ws/install/my_robot_description/share/my_robot_description/local_setup.bash
[1.442s] -- Installing: /home/thinh/my_workspace/moveit_course_ws/install/my_robot_description/share/my_robot_description/local_setup.sh
[1.442s] -- Installing: /home/thinh/my_workspace/moveit_course_ws/install/my_robot_description/share/my_robot_description/local_setup.zsh
[1.442s] -- Installing: /home/thinh/my_workspace/moveit_course_ws/install/my_robot_description/share/my_robot_description/local_setup.dsv
[1.443s] -- Installing: /home/thinh/my_workspace/moveit_course_ws/install/my_robot_description/share/my_robot_description/package.dsv
[1.443s] -- Installing: /home/thinh/my_workspace/moveit_course_ws/install/my_robot_description/share/ament_index/resource_index/packages/my_robot_description
[1.443s] -- Installing: /home/thinh/my_workspace/moveit_course_ws/install/my_robot_description/share/my_robot_description/cmake/my_robot_descriptionConfig.cmake
[1.443s] -- Installing: /home/thinh/my_workspace/moveit_course_ws/install/my_robot_description/share/my_robot_description/cmake/my_robot_descriptionConfig-version.cmake
[1.443s] -- Installing: /home/thinh/my_workspace/moveit_course_ws/install/my_robot_description/share/my_robot_description/package.xml
[1.446s] Invoked command in '/home/thinh/my_workspace/moveit_course_ws/build/my_robot_description' returned '0': CMAKE_PREFIX_PATH=${CMAKE_PREFIX_PATH}:/home/thinh/ros2_course/ros2_ws/install/my_py_pkg:/home/thinh/ros2_python/install/topic_calc:/home/thinh/ros2_python/install/symlink:/home/thinh/ros2_python/install/pid_controller:/home/thinh/ros2_python/install/pendulum_state:/home/thinh/ros2_python/install/minimal_pkg:/home/thinh/ros2_python/install/first_pytest:/home/thinh/ros2_python/install/diff_drive_description:/home/thinh/ros2_python/install/diff_drive_control:/opt/ros/humble /usr/bin/cmake --install /home/thinh/my_workspace/moveit_course_ws/build/my_robot_description
