[0.012s] Invoking command in '/home/thinh/my_workspace/moveit_course_ws/build/my_robot_description': CMAKE_PREFIX_PATH=/opt/ros/humble /usr/bin/cmake --build /home/thinh/my_workspace/moveit_course_ws/build/my_robot_description -- -j8 -l8
[0.049s] -- Found ament_cmake: 1.3.12 (/opt/ros/humble/share/ament_cmake/cmake)
[0.277s] -- Configuring done
[0.283s] -- Generating done
[0.284s] -- Build files have been written to: /home/thinh/my_workspace/moveit_course_ws/build/my_robot_description
[0.304s] Invoked command in '/home/thinh/my_workspace/moveit_course_ws/build/my_robot_description' returned '0': CMAKE_PREFIX_PATH=/opt/ros/humble /usr/bin/cmake --build /home/thinh/my_workspace/moveit_course_ws/build/my_robot_description -- -j8 -l8
[0.314s] Invoking command in '/home/thinh/my_workspace/moveit_course_ws/build/my_robot_description': CMAKE_PREFIX_PATH=/opt/ros/humble /usr/bin/cmake --install /home/thinh/my_workspace/moveit_course_ws/build/my_robot_description
[0.320s] -- Install configuration: ""
[0.320s] -- Installing: /home/thinh/my_workspace/moveit_course_ws/install/my_robot_description/share/my_robot_description/urdf
[0.321s] -- Installing: /home/thinh/my_workspace/moveit_course_ws/install/my_robot_description/share/my_robot_description/launch
[0.321s] -- Installing: /home/thinh/my_workspace/moveit_course_ws/install/my_robot_description/share/my_robot_description/rviz
[0.321s] -- Up-to-date: /home/thinh/my_workspace/moveit_course_ws/install/my_robot_description/share/ament_index/resource_index/package_run_dependencies/my_robot_description
[0.321s] -- Installing: /home/thinh/my_workspace/moveit_course_ws/install/my_robot_description/share/ament_index/resource_index/parent_prefix_path/my_robot_description
[0.321s] -- Up-to-date: /home/thinh/my_workspace/moveit_course_ws/install/my_robot_description/share/my_robot_description/environment/ament_prefix_path.sh
[0.321s] -- Installing: /home/thinh/my_workspace/moveit_course_ws/install/my_robot_description/share/my_robot_description/environment/ament_prefix_path.dsv
[0.321s] -- Up-to-date: /home/thinh/my_workspace/moveit_course_ws/install/my_robot_description/share/my_robot_description/environment/path.sh
[0.321s] -- Installing: /home/thinh/my_workspace/moveit_course_ws/install/my_robot_description/share/my_robot_description/environment/path.dsv
[0.321s] -- Up-to-date: /home/thinh/my_workspace/moveit_course_ws/install/my_robot_description/share/my_robot_description/local_setup.bash
[0.321s] -- Up-to-date: /home/thinh/my_workspace/moveit_course_ws/install/my_robot_description/share/my_robot_description/local_setup.sh
[0.321s] -- Up-to-date: /home/thinh/my_workspace/moveit_course_ws/install/my_robot_description/share/my_robot_description/local_setup.zsh
[0.321s] -- Installing: /home/thinh/my_workspace/moveit_course_ws/install/my_robot_description/share/my_robot_description/local_setup.dsv
[0.322s] -- Installing: /home/thinh/my_workspace/moveit_course_ws/install/my_robot_description/share/my_robot_description/package.dsv
[0.322s] -- Up-to-date: /home/thinh/my_workspace/moveit_course_ws/install/my_robot_description/share/ament_index/resource_index/packages/my_robot_description
[0.322s] -- Up-to-date: /home/thinh/my_workspace/moveit_course_ws/install/my_robot_description/share/my_robot_description/cmake/my_robot_descriptionConfig.cmake
[0.322s] -- Up-to-date: /home/thinh/my_workspace/moveit_course_ws/install/my_robot_description/share/my_robot_description/cmake/my_robot_descriptionConfig-version.cmake
[0.322s] -- Up-to-date: /home/thinh/my_workspace/moveit_course_ws/install/my_robot_description/share/my_robot_description/package.xml
[0.324s] Invoked command in '/home/thinh/my_workspace/moveit_course_ws/build/my_robot_description' returned '0': CMAKE_PREFIX_PATH=/opt/ros/humble /usr/bin/cmake --install /home/thinh/my_workspace/moveit_course_ws/build/my_robot_description
