[0.024s] Invoking command in '/home/thinh/my_workspace/moveit_course_ws/build/my_robot_description': CMAKE_PREFIX_PATH=${CMAKE_PREFIX_PATH}:/opt/ros/humble /usr/bin/cmake /home/thinh/my_workspace/moveit_course_ws/src/my_robot_description -DAMENT_CMAKE_SYMLINK_INSTALL=1 -DCMAKE_INSTALL_PREFIX=/home/thinh/my_workspace/moveit_course_ws/install/my_robot_description
[0.058s] -- Found ament_cmake: 1.3.12 (/opt/ros/humble/share/ament_cmake/cmake)
[0.222s] -- Override CMake install command with custom implementation using symlinks instead of copying resources
[0.330s] -- Configuring done
[0.337s] -- Generating done
[0.339s] -- Build files have been written to: /home/thinh/my_workspace/moveit_course_ws/build/my_robot_description
[0.341s] Invoked command in '/home/thinh/my_workspace/moveit_course_ws/build/my_robot_description' returned '0': CMAKE_PREFIX_PATH=${CMAKE_PREFIX_PATH}:/opt/ros/humble /usr/bin/cmake /home/thinh/my_workspace/moveit_course_ws/src/my_robot_description -DAMENT_CMAKE_SYMLINK_INSTALL=1 -DCMAKE_INSTALL_PREFIX=/home/thinh/my_workspace/moveit_course_ws/install/my_robot_description
[0.343s] Invoking command in '/home/thinh/my_workspace/moveit_course_ws/build/my_robot_description': CMAKE_PREFIX_PATH=${CMAKE_PREFIX_PATH}:/opt/ros/humble /usr/bin/cmake --build /home/thinh/my_workspace/moveit_course_ws/build/my_robot_description -- -j8 -l8
[0.380s] Invoked command in '/home/thinh/my_workspace/moveit_course_ws/build/my_robot_description' returned '0': CMAKE_PREFIX_PATH=${CMAKE_PREFIX_PATH}:/opt/ros/humble /usr/bin/cmake --build /home/thinh/my_workspace/moveit_course_ws/build/my_robot_description -- -j8 -l8
[0.390s] Invoking command in '/home/thinh/my_workspace/moveit_course_ws/build/my_robot_description': CMAKE_PREFIX_PATH=${CMAKE_PREFIX_PATH}:/opt/ros/humble /usr/bin/cmake --install /home/thinh/my_workspace/moveit_course_ws/build/my_robot_description
[0.396s] -- Install configuration: ""
[0.397s] -- Execute custom install script
[0.397s] -- Symlinking: /home/thinh/my_workspace/moveit_course_ws/install/my_robot_description/share/my_robot_description/urdf/arm.urdf
[0.406s] -- Symlinking: /home/thinh/my_workspace/moveit_course_ws/install/my_robot_description/share/ament_index/resource_index/package_run_dependencies/my_robot_description
[0.418s] -- Symlinking: /home/thinh/my_workspace/moveit_course_ws/install/my_robot_description/share/ament_index/resource_index/parent_prefix_path/my_robot_description
[0.432s] -- Symlinking: /home/thinh/my_workspace/moveit_course_ws/install/my_robot_description/share/my_robot_description/environment/ament_prefix_path.sh
[0.442s] -- Symlinking: /home/thinh/my_workspace/moveit_course_ws/install/my_robot_description/share/my_robot_description/environment/ament_prefix_path.dsv
[0.453s] -- Symlinking: /home/thinh/my_workspace/moveit_course_ws/install/my_robot_description/share/my_robot_description/environment/path.sh
[0.462s] -- Symlinking: /home/thinh/my_workspace/moveit_course_ws/install/my_robot_description/share/my_robot_description/environment/path.dsv
[0.471s] -- Symlinking: /home/thinh/my_workspace/moveit_course_ws/install/my_robot_description/share/my_robot_description/local_setup.bash
[0.480s] -- Symlinking: /home/thinh/my_workspace/moveit_course_ws/install/my_robot_description/share/my_robot_description/local_setup.sh
[0.488s] -- Symlinking: /home/thinh/my_workspace/moveit_course_ws/install/my_robot_description/share/my_robot_description/local_setup.zsh
[0.496s] -- Symlinking: /home/thinh/my_workspace/moveit_course_ws/install/my_robot_description/share/my_robot_description/local_setup.dsv
[0.504s] -- Symlinking: /home/thinh/my_workspace/moveit_course_ws/install/my_robot_description/share/my_robot_description/package.dsv
[0.515s] -- Symlinking: /home/thinh/my_workspace/moveit_course_ws/install/my_robot_description/share/ament_index/resource_index/packages/my_robot_description
[0.524s] -- Symlinking: /home/thinh/my_workspace/moveit_course_ws/install/my_robot_description/share/my_robot_description/cmake/my_robot_descriptionConfig.cmake
[0.535s] -- Symlinking: /home/thinh/my_workspace/moveit_course_ws/install/my_robot_description/share/my_robot_description/cmake/my_robot_descriptionConfig-version.cmake
[0.543s] -- Symlinking: /home/thinh/my_workspace/moveit_course_ws/install/my_robot_description/share/my_robot_description/package.xml
[0.553s] Invoked command in '/home/thinh/my_workspace/moveit_course_ws/build/my_robot_description' returned '0': CMAKE_PREFIX_PATH=${CMAKE_PREFIX_PATH}:/opt/ros/humble /usr/bin/cmake --install /home/thinh/my_workspace/moveit_course_ws/build/my_robot_description
